16-Feb-2021 16:19:01.490 INFOS [main] org.apache.catalina.startup.VersionLoggerListener.log Nom version serveur :              Apache Tomcat/9.0.43
16-Feb-2021 16:19:01.526 INFOS [main] org.apache.catalina.startup.VersionLoggerListener.log Serveur compilé :                  Jan 28 2021 20:25:45 UTC
16-Feb-2021 16:19:01.526 INFOS [main] org.apache.catalina.startup.VersionLoggerListener.log Version du serveur :               9.0.43.0
16-Feb-2021 16:19:01.526 INFOS [main] org.apache.catalina.startup.VersionLoggerListener.log Nom de l'OS :                      Windows 10
16-Feb-2021 16:19:01.526 INFOS [main] org.apache.catalina.startup.VersionLoggerListener.log Version OS :                       10.0
16-Feb-2021 16:19:01.527 INFOS [main] org.apache.catalina.startup.VersionLoggerListener.log Architecture :                     amd64
16-Feb-2021 16:19:01.527 INFOS [main] org.apache.catalina.startup.VersionLoggerListener.log Java Home :                        C:\Program Files\Java\jdk1.8.0_271\jre
16-Feb-2021 16:19:01.527 INFOS [main] org.apache.catalina.startup.VersionLoggerListener.log Version JVM :                      1.8.0_271-b09
16-Feb-2021 16:19:01.527 INFOS [main] org.apache.catalina.startup.VersionLoggerListener.log Fournisseur de la JVM :            Oracle Corporation
16-Feb-2021 16:19:01.527 INFOS [main] org.apache.catalina.startup.VersionLoggerListener.log CATALINA_BASE :                    C:\Users\STARTER\Documents\digital-cafe-001-groupe2\apache-tomcat-9.0.43
16-Feb-2021 16:19:01.527 INFOS [main] org.apache.catalina.startup.VersionLoggerListener.log CATALINA_HOME :                    C:\Users\STARTER\Documents\digital-cafe-001-groupe2\apache-tomcat-9.0.43
16-Feb-2021 16:19:01.665 INFOS [main] org.apache.catalina.startup.VersionLoggerListener.log Argument de la ligne de commande : -Djava.util.logging.config.file=C:\Users\STARTER\Documents\digital-cafe-001-groupe2\apache-tomcat-9.0.43\conf\logging.properties
16-Feb-2021 16:19:01.665 INFOS [main] org.apache.catalina.startup.VersionLoggerListener.log Argument de la ligne de commande : -Djava.util.logging.manager=org.apache.juli.ClassLoaderLogManager
16-Feb-2021 16:19:01.665 INFOS [main] org.apache.catalina.startup.VersionLoggerListener.log Argument de la ligne de commande : -Dhttp.nonProxyHosts=localhost|127.0.0.1|DESKTOP-V7FQR82
16-Feb-2021 16:19:01.665 INFOS [main] org.apache.catalina.startup.VersionLoggerListener.log Argument de la ligne de commande : -Djdk.tls.ephemeralDHKeySize=2048
16-Feb-2021 16:19:01.665 INFOS [main] org.apache.catalina.startup.VersionLoggerListener.log Argument de la ligne de commande : -Djava.protocol.handler.pkgs=org.apache.catalina.webresources
16-Feb-2021 16:19:01.665 INFOS [main] org.apache.catalina.startup.VersionLoggerListener.log Argument de la ligne de commande : -Dignore.endorsed.dirs=
16-Feb-2021 16:19:01.665 INFOS [main] org.apache.catalina.startup.VersionLoggerListener.log Argument de la ligne de commande : -Dcatalina.base=C:\Users\STARTER\Documents\digital-cafe-001-groupe2\apache-tomcat-9.0.43
16-Feb-2021 16:19:01.665 INFOS [main] org.apache.catalina.startup.VersionLoggerListener.log Argument de la ligne de commande : -Dcatalina.home=C:\Users\STARTER\Documents\digital-cafe-001-groupe2\apache-tomcat-9.0.43
16-Feb-2021 16:19:01.665 INFOS [main] org.apache.catalina.startup.VersionLoggerListener.log Argument de la ligne de commande : -Djava.io.tmpdir=C:\Users\STARTER\Documents\digital-cafe-001-groupe2\apache-tomcat-9.0.43\temp
16-Feb-2021 16:19:01.669 INFOS [main] org.apache.catalina.core.AprLifecycleListener.lifecycleEvent Chargement de la librairie Apache Tomcat Native [1.2.26] en utilisant APR version [1.7.0]
16-Feb-2021 16:19:01.670 INFOS [main] org.apache.catalina.core.AprLifecycleListener.lifecycleEvent Fonctionnalités d'APR : IPv6 [true], sendfile [true], accept filters [false], random [true]
16-Feb-2021 16:19:01.670 INFOS [main] org.apache.catalina.core.AprLifecycleListener.lifecycleEvent Configuration de APR/OpenSSL : useAprConnector [false], useOpenSSL [true]
16-Feb-2021 16:19:01.675 INFOS [main] org.apache.catalina.core.AprLifecycleListener.initializeSSL OpenSSL a été initialisé avec succès [OpenSSL 1.1.1i  8 Dec 2020]
16-Feb-2021 16:19:03.596 INFOS [main] org.apache.coyote.AbstractProtocol.init Initialisation du gestionnaire de protocole ["http-nio-8080"]
16-Feb-2021 16:19:04.222 INFOS [main] org.apache.catalina.startup.Catalina.load L'initialisation du serveur a pris [4017] millisecondes
16-Feb-2021 16:19:04.491 INFOS [main] org.apache.catalina.core.StandardService.startInternal Démarrage du service [Catalina]
16-Feb-2021 16:19:04.491 INFOS [main] org.apache.catalina.core.StandardEngine.startInternal Démarrage du moteur de Servlets : [Apache Tomcat/9.0.43]
16-Feb-2021 16:19:04.502 INFOS [main] org.apache.catalina.startup.HostConfig.deployDirectory Déploiement du répertoire d'application web [C:\Users\STARTER\Documents\digital-cafe-001-groupe2\apache-tomcat-9.0.43\webapps\client]
16-Feb-2021 16:19:05.307 INFOS [main] org.apache.catalina.startup.HostConfig.deployDirectory Le déploiement du répertoire [C:\Users\STARTER\Documents\digital-cafe-001-groupe2\apache-tomcat-9.0.43\webapps\client] de l'application web s'est terminé en [793] ms
16-Feb-2021 16:19:05.307 INFOS [main] org.apache.catalina.startup.HostConfig.deployDirectory Déploiement du répertoire d'application web [C:\Users\STARTER\Documents\digital-cafe-001-groupe2\apache-tomcat-9.0.43\webapps\docs]
16-Feb-2021 16:19:05.355 INFOS [main] org.apache.catalina.startup.HostConfig.deployDirectory Le déploiement du répertoire [C:\Users\STARTER\Documents\digital-cafe-001-groupe2\apache-tomcat-9.0.43\webapps\docs] de l'application web s'est terminé en [47] ms
16-Feb-2021 16:19:05.356 INFOS [main] org.apache.catalina.startup.HostConfig.deployDirectory Déploiement du répertoire d'application web [C:\Users\STARTER\Documents\digital-cafe-001-groupe2\apache-tomcat-9.0.43\webapps\examples]
16-Feb-2021 16:19:05.963 INFOS [main] org.apache.catalina.startup.HostConfig.deployDirectory Le déploiement du répertoire [C:\Users\STARTER\Documents\digital-cafe-001-groupe2\apache-tomcat-9.0.43\webapps\examples] de l'application web s'est terminé en [607] ms
16-Feb-2021 16:19:05.963 INFOS [main] org.apache.catalina.startup.HostConfig.deployDirectory Déploiement du répertoire d'application web [C:\Users\STARTER\Documents\digital-cafe-001-groupe2\apache-tomcat-9.0.43\webapps\host-manager]
16-Feb-2021 16:19:06.057 INFOS [main] org.apache.catalina.startup.HostConfig.deployDirectory Le déploiement du répertoire [C:\Users\STARTER\Documents\digital-cafe-001-groupe2\apache-tomcat-9.0.43\webapps\host-manager] de l'application web s'est terminé en [93] ms
16-Feb-2021 16:19:06.057 INFOS [main] org.apache.catalina.startup.HostConfig.deployDirectory Déploiement du répertoire d'application web [C:\Users\STARTER\Documents\digital-cafe-001-groupe2\apache-tomcat-9.0.43\webapps\manager]
16-Feb-2021 16:19:06.094 INFOS [main] org.apache.catalina.startup.HostConfig.deployDirectory Le déploiement du répertoire [C:\Users\STARTER\Documents\digital-cafe-001-groupe2\apache-tomcat-9.0.43\webapps\manager] de l'application web s'est terminé en [37] ms
16-Feb-2021 16:19:06.095 INFOS [main] org.apache.catalina.startup.HostConfig.deployDirectory Déploiement du répertoire d'application web [C:\Users\STARTER\Documents\digital-cafe-001-groupe2\apache-tomcat-9.0.43\webapps\ROOT]
16-Feb-2021 16:19:06.141 INFOS [main] org.apache.catalina.startup.HostConfig.deployDirectory Le déploiement du répertoire [C:\Users\STARTER\Documents\digital-cafe-001-groupe2\apache-tomcat-9.0.43\webapps\ROOT] de l'application web s'est terminé en [46] ms
16-Feb-2021 16:19:06.142 INFOS [main] org.apache.catalina.startup.HostConfig.deployDirectory Déploiement du répertoire d'application web [C:\Users\STARTER\Documents\digital-cafe-001-groupe2\apache-tomcat-9.0.43\webapps\views]
16-Feb-2021 16:19:06.168 INFOS [main] org.apache.catalina.startup.HostConfig.deployDirectory Le déploiement du répertoire [C:\Users\STARTER\Documents\digital-cafe-001-groupe2\apache-tomcat-9.0.43\webapps\views] de l'application web s'est terminé en [26] ms
16-Feb-2021 16:19:06.172 INFOS [main] org.apache.coyote.AbstractProtocol.start Démarrage du gestionnaire de protocole ["http-nio-8080"]
16-Feb-2021 16:19:06.181 INFOS [main] org.apache.catalina.startup.Catalina.start Le démarrage du serveur a pris [1958] millisecondes
