14-Feb-2021 04:04:49.941 INFOS [main] org.apache.catalina.core.ApplicationContext.log ContextListener: contextInitialized()
14-Feb-2021 04:04:49.957 INFOS [main] org.apache.catalina.core.ApplicationContext.log SessionListener: contextInitialized()
14-Feb-2021 04:04:49.984 INFOS [main] org.apache.catalina.core.ApplicationContext.log ContextListener: attributeAdded('StockTicker', 'async.Stockticker@71c3b41')
14-Feb-2021 04:06:52.602 INFOS [main] org.apache.catalina.core.ApplicationContext.log SessionListener: contextDestroyed()
14-Feb-2021 04:06:52.602 INFOS [main] org.apache.catalina.core.ApplicationContext.log ContextListener: contextDestroyed()
14-Feb-2021 04:07:27.483 INFOS [main] org.apache.catalina.core.ApplicationContext.log ContextListener: contextInitialized()
14-Feb-2021 04:07:27.486 INFOS [main] org.apache.catalina.core.ApplicationContext.log SessionListener: contextInitialized()
14-Feb-2021 04:07:27.492 INFOS [main] org.apache.catalina.core.ApplicationContext.log ContextListener: attributeAdded('StockTicker', 'async.Stockticker@71c3b41')
14-Feb-2021 04:08:09.485 INFOS [main] org.apache.catalina.core.ApplicationContext.log SessionListener: contextDestroyed()
14-Feb-2021 04:08:09.485 INFOS [main] org.apache.catalina.core.ApplicationContext.log ContextListener: contextDestroyed()
14-Feb-2021 04:09:40.310 INFOS [main] org.apache.catalina.core.ApplicationContext.log ContextListener: contextInitialized()
14-Feb-2021 04:09:40.310 INFOS [main] org.apache.catalina.core.ApplicationContext.log SessionListener: contextInitialized()
14-Feb-2021 04:09:40.319 INFOS [main] org.apache.catalina.core.ApplicationContext.log ContextListener: attributeAdded('StockTicker', 'async.Stockticker@71c3b41')
14-Feb-2021 04:10:01.907 INFOS [main] org.apache.catalina.core.ApplicationContext.log SessionListener: contextDestroyed()
14-Feb-2021 04:10:01.907 INFOS [main] org.apache.catalina.core.ApplicationContext.log ContextListener: contextDestroyed()
14-Feb-2021 04:11:20.461 INFOS [main] org.apache.catalina.core.ApplicationContext.log ContextListener: contextInitialized()
14-Feb-2021 04:11:20.462 INFOS [main] org.apache.catalina.core.ApplicationContext.log SessionListener: contextInitialized()
14-Feb-2021 04:11:20.466 INFOS [main] org.apache.catalina.core.ApplicationContext.log ContextListener: attributeAdded('StockTicker', 'async.Stockticker@609db43b')
14-Feb-2021 04:39:06.762 INFOS [main] org.apache.catalina.core.ApplicationContext.log ContextListener: contextInitialized()
14-Feb-2021 04:39:06.762 INFOS [main] org.apache.catalina.core.ApplicationContext.log SessionListener: contextInitialized()
14-Feb-2021 04:39:06.770 INFOS [main] org.apache.catalina.core.ApplicationContext.log ContextListener: attributeAdded('StockTicker', 'async.Stockticker@1356d4d4')
14-Feb-2021 06:57:31.181 INFOS [main] org.apache.catalina.core.ApplicationContext.log SessionListener: contextDestroyed()
14-Feb-2021 06:57:31.181 INFOS [main] org.apache.catalina.core.ApplicationContext.log ContextListener: contextDestroyed()
14-Feb-2021 06:58:04.736 INFOS [main] org.apache.catalina.core.ApplicationContext.log ContextListener: contextInitialized()
14-Feb-2021 06:58:04.738 INFOS [main] org.apache.catalina.core.ApplicationContext.log SessionListener: contextInitialized()
14-Feb-2021 06:58:04.745 INFOS [main] org.apache.catalina.core.ApplicationContext.log ContextListener: attributeAdded('StockTicker', 'async.Stockticker@609db43b')
14-Feb-2021 13:21:54.860 INFOS [main] org.apache.catalina.core.ApplicationContext.log SessionListener: contextDestroyed()
14-Feb-2021 13:21:54.861 INFOS [main] org.apache.catalina.core.ApplicationContext.log ContextListener: contextDestroyed()
14-Feb-2021 13:24:36.003 INFOS [main] org.apache.catalina.core.ApplicationContext.log ContextListener: contextInitialized()
14-Feb-2021 13:24:36.003 INFOS [main] org.apache.catalina.core.ApplicationContext.log SessionListener: contextInitialized()
14-Feb-2021 13:24:36.016 INFOS [main] org.apache.catalina.core.ApplicationContext.log ContextListener: attributeAdded('StockTicker', 'async.Stockticker@609db43b')
14-Feb-2021 13:33:45.510 INFOS [main] org.apache.catalina.core.ApplicationContext.log SessionListener: contextDestroyed()
14-Feb-2021 13:33:45.510 INFOS [main] org.apache.catalina.core.ApplicationContext.log ContextListener: contextDestroyed()
14-Feb-2021 13:33:58.796 INFOS [main] org.apache.catalina.core.ApplicationContext.log ContextListener: contextInitialized()
14-Feb-2021 13:33:58.799 INFOS [main] org.apache.catalina.core.ApplicationContext.log SessionListener: contextInitialized()
14-Feb-2021 13:33:58.813 INFOS [main] org.apache.catalina.core.ApplicationContext.log ContextListener: attributeAdded('StockTicker', 'async.Stockticker@51f116b8')
